<?xml version="1.0" encoding="UTF-8"?>
<!-- Generated by org.testng.reporters.JUnitReportReporter -->
<testsuite hostname="ATHIRA-S-LAPTOP" failures="0" tests="1" name="CompleteProject.ACompleteProject.callingBrowser" time="7.467" errors="0" timestamp="2021-08-03T01:02:12 IST" skipped="0">
  <testcase classname="CompleteProject.ACompleteProject.callingBrowser" name="callBrowser" time="7.467"/>
  <system-out/>
</testsuite> <!-- CompleteProject.ACompleteProject.callingBrowser -->
